<?xml version="1.0" encoding="UTF-8"?>
<!-- Generated by org.testng.reporters.JUnitReportReporter -->
<testsuite hostname="AELPT-1061" failures="0" tests="2" name="com.StudentAPITesting.APITesting" time="1.106" errors="0" timestamp="2024-07-30T01:12:45 IST" skipped="0">
  <testcase classname="com.StudentAPITesting.APITesting" name="postAPITest" time="0.023"/>
  <testcase classname="com.StudentAPITesting.APITesting" name="getAPITest" time="1.083"/>
</testsuite> <!-- com.StudentAPITesting.APITesting -->
